This is pdfTeX, Version 3.141592653-2.6-1.40.25 (MiKTeX 24.1) (preloaded format=pdflatex 2024.2.3)  3 FEB 2024 14:54
entering extended mode
 restricted \write18 enabled.
 file:line:error style messages enabled.
 %&-line parsing enabled.
**c:/Users/lilou/Documents/Master/Code/OpenBot/Thesis/OlderThesis/main.tex
(c:/Users/lilou/Documents/Master/Code/OpenBot/Thesis/OlderThesis/main.tex
LaTeX2e <2023-11-01> patch level 1
L3 programming layer <2024-01-22>
(C:\Users\lilou\AppData\Local\Mik\tex/latex/base\report.cls
Document Class: report 2023/05/17 v1.4n Standard LaTeX document class
(C:\Users\lilou\AppData\Local\Mik\tex/latex/base\size12.clo
File: size12.clo 2023/05/17 v1.4n Standard LaTeX file (size option)
)
\c@part=\count187
\c@chapter=\count188
\c@section=\count189
\c@subsection=\count190
\c@subsubsection=\count191
\c@paragraph=\count192
\c@subparagraph=\count193
\c@figure=\count194
\c@table=\count195
\abovecaptionskip=\skip48
\belowcaptionskip=\skip49
\bibindent=\dimen140
) (C:\Users\lilou\AppData\Local\Mik\tex/latex/ntgclass\a4.sty
Package: a4 2023/01/10 v1.2g A4 based page layout
) (C:\Users\lilou\AppData\Local\Mik\tex/latex/amsmath\amsmath.sty
Package: amsmath 2023/05/13 v2.17o AMS math features
\@mathmargin=\skip50

For additional information on amsmath, use the `?' option.
(C:\Users\lilou\AppData\Local\Mik\tex/latex/amsmath\amstext.sty
Package: amstext 2021/08/26 v2.01 AMS text
 (C:\Users\lilou\AppData\Local\Mik\tex/latex/amsmath\amsgen.sty
File: amsgen.sty 1999/11/30 v2.0 generic functions
\@emptytoks=\toks17
\ex@=\dimen141
)) (C:\Users\lilou\AppData\Local\Mik\tex/latex/amsmath\amsbsy.sty
Package: amsbsy 1999/11/29 v1.2d Bold Symbols
\pmbraise@=\dimen142
) (C:\Users\lilou\AppData\Local\Mik\tex/latex/amsmath\amsopn.sty
Package: amsopn 2022/04/08 v2.04 operator names
)
\inf@bad=\count196
LaTeX Info: Redefining \frac on input line 234.
\uproot@=\count197
\leftroot@=\count198
LaTeX Info: Redefining \overline on input line 399.
LaTeX Info: Redefining \colon on input line 410.
\classnum@=\count199
\DOTSCASE@=\count266
LaTeX Info: Redefining \ldots on input line 496.
LaTeX Info: Redefining \dots on input line 499.
LaTeX Info: Redefining \cdots on input line 620.
\Mathstrutbox@=\box51
\strutbox@=\box52
LaTeX Info: Redefining \big on input line 722.
LaTeX Info: Redefining \Big on input line 723.
LaTeX Info: Redefining \bigg on input line 724.
LaTeX Info: Redefining \Bigg on input line 725.
\big@size=\dimen143
LaTeX Font Info:    Redeclaring font encoding OML on input line 743.
LaTeX Font Info:    Redeclaring font encoding OMS on input line 744.
\macc@depth=\count267
LaTeX Info: Redefining \bmod on input line 905.
LaTeX Info: Redefining \pmod on input line 910.
LaTeX Info: Redefining \smash on input line 940.
LaTeX Info: Redefining \relbar on input line 970.
LaTeX Info: Redefining \Relbar on input line 971.
\c@MaxMatrixCols=\count268
\dotsspace@=\muskip16
\c@parentequation=\count269
\dspbrk@lvl=\count270
\tag@help=\toks18
\row@=\count271
\column@=\count272
\maxfields@=\count273
\andhelp@=\toks19
\eqnshift@=\dimen144
\alignsep@=\dimen145
\tagshift@=\dimen146
\tagwidth@=\dimen147
\totwidth@=\dimen148
\lineht@=\dimen149
\@envbody=\toks20
\multlinegap=\skip51
\multlinetaggap=\skip52
\mathdisplay@stack=\toks21
LaTeX Info: Redefining \[ on input line 2953.
LaTeX Info: Redefining \] on input line 2954.
) (C:\Users\lilou\AppData\Local\Mik\tex/latex/xcolor\xcolor.sty
Package: xcolor 2023/11/15 v3.01 LaTeX color extensions (UK)
 (C:\Users\lilou\AppData\Local\Mik\tex/latex/graphics-cfg\color.cfg
File: color.cfg 2016/01/02 v1.6 sample color configuration
)
Package xcolor Info: Driver file: pdftex.def on input line 274.
 (C:\Users\lilou\AppData\Local\Mik\tex/latex/graphics-def\pdftex.def
File: pdftex.def 2022/09/22 v1.2b Graphics/color driver for pdftex
) (C:\Users\lilou\AppData\Local\Mik\tex/latex/graphics\mathcolor.ltx)
Package xcolor Info: Model `cmy' substituted by `cmy0' on input line 1350.
Package xcolor Info: Model `hsb' substituted by `rgb' on input line 1354.
Package xcolor Info: Model `RGB' extended on input line 1366.
Package xcolor Info: Model `HTML' substituted by `rgb' on input line 1368.
Package xcolor Info: Model `Hsb' substituted by `hsb' on input line 1369.
Package xcolor Info: Model `tHsb' substituted by `hsb' on input line 1370.
Package xcolor Info: Model `HSB' substituted by `hsb' on input line 1371.
Package xcolor Info: Model `Gray' substituted by `gray' on input line 1372.
Package xcolor Info: Model `wave' substituted by `hsb' on input line 1373.
) (C:\Users\lilou\AppData\Local\Mik\tex/latex/tocbibind\tocbibind.sty
Package: tocbibind 2010/10/13 v1.5k extra ToC listings
Package tocbibind Info: The document has chapter divisions on input line 50.


Package tocbibind Note: Using chapter style headings, unless overridden.

) (C:\Users\lilou\AppData\Local\Mik\tex/latex/psnfss\times.sty
Package: times 2020/03/25 PSNFSS-v9.3 (SPQR) 
) (C:\Users\lilou\AppData\Local\Mik\tex/latex/cite\cite.sty
LaTeX Info: Redefining \cite on input line 302.
LaTeX Info: Redefining \nocite on input line 332.
Package: cite 2015/02/27  v 5.5
) (C:\Users\lilou\AppData\Local\Mik\tex/latex/graphics\graphicx.sty
Package: graphicx 2021/09/16 v1.2d Enhanced LaTeX Graphics (DPC,SPQR)
 (C:\Users\lilou\AppData\Local\Mik\tex/latex/graphics\keyval.sty
Package: keyval 2022/05/29 v1.15 key=value parser (DPC)
\KV@toks@=\toks22
) (C:\Users\lilou\AppData\Local\Mik\tex/latex/graphics\graphics.sty
Package: graphics 2022/03/10 v1.4e Standard LaTeX Graphics (DPC,SPQR)
 (C:\Users\lilou\AppData\Local\Mik\tex/latex/graphics\trig.sty
Package: trig 2021/08/11 v1.11 sin cos tan (DPC)
) (C:\Users\lilou\AppData\Local\Mik\tex/latex/graphics-cfg\graphics.cfg
File: graphics.cfg 2016/06/04 v1.11 sample graphics configuration
)
Package graphics Info: Driver file: pdftex.def on input line 107.
)
\Gin@req@height=\dimen150
\Gin@req@width=\dimen151
) (C:\Users\lilou\AppData\Local\Mik\tex/latex/graphics\rotating.sty
Package: rotating 2016/08/11 v2.16d rotated objects in LaTeX
 (C:\Users\lilou\AppData\Local\Mik\tex/latex/base\ifthen.sty
Package: ifthen 2022/04/13 v1.1d Standard LaTeX ifthen package (DPC)
)
\c@r@tfl@t=\count274
\rotFPtop=\skip53
\rotFPbot=\skip54
\rot@float@box=\box53
\rot@mess@toks=\toks23
) (C:\Users\lilou\AppData\Local\Mik\tex/latex/hyperref\hyperref.sty
Package: hyperref 2024-01-20 v7.01h Hypertext links for LaTeX
 (C:\Users\lilou\AppData\Local\Mik\tex/generic/iftex\iftex.sty
Package: iftex 2022/02/03 v1.0f TeX engine tests
) (C:\Users\lilou\AppData\Local\Mik\tex/latex/kvsetkeys\kvsetkeys.sty
Package: kvsetkeys 2022-10-05 v1.19 Key value parser (HO)
) (C:\Users\lilou\AppData\Local\Mik\tex/generic/kvdefinekeys\kvdefinekeys.sty
Package: kvdefinekeys 2019-12-19 v1.6 Define keys (HO)
) (C:\Users\lilou\AppData\Local\Mik\tex/generic/pdfescape\pdfescape.sty
Package: pdfescape 2019/12/09 v1.15 Implements pdfTeX's escape features (HO)
 (C:\Users\lilou\AppData\Local\Mik\tex/generic/ltxcmds\ltxcmds.sty
Package: ltxcmds 2023-12-04 v1.26 LaTeX kernel commands for general use (HO)
) (C:\Users\lilou\AppData\Local\Mik\tex/generic/pdftexcmds\pdftexcmds.sty
Package: pdftexcmds 2020-06-27 v0.33 Utility functions of pdfTeX for LuaTeX (HO)
 (C:\Users\lilou\AppData\Local\Mik\tex/generic/infwarerr\infwarerr.sty
Package: infwarerr 2019/12/03 v1.5 Providing info/warning/error messages (HO)
)
Package pdftexcmds Info: \pdf@primitive is available.
Package pdftexcmds Info: \pdf@ifprimitive is available.
Package pdftexcmds Info: \pdfdraftmode found.
)) (C:\Users\lilou\AppData\Local\Mik\tex/latex/hycolor\hycolor.sty
Package: hycolor 2020-01-27 v1.10 Color options for hyperref/bookmark (HO)
) (C:\Users\lilou\AppData\Local\Mik\tex/latex/auxhook\auxhook.sty
Package: auxhook 2019-12-17 v1.6 Hooks for auxiliary files (HO)
) (C:\Users\lilou\AppData\Local\Mik\tex/latex/hyperref\nameref.sty
Package: nameref 2023-11-26 v2.56 Cross-referencing by name of section
 (C:\Users\lilou\AppData\Local\Mik\tex/latex/refcount\refcount.sty
Package: refcount 2019/12/15 v3.6 Data extraction from label references (HO)
) (C:\Users\lilou\AppData\Local\Mik\tex/generic/gettitlestring\gettitlestring.sty
Package: gettitlestring 2019/12/15 v1.6 Cleanup title references (HO)
 (C:\Users\lilou\AppData\Local\Mik\tex/latex/kvoptions\kvoptions.sty
Package: kvoptions 2022-06-15 v3.15 Key value format for package options (HO)
))
\c@section@level=\count275
) (C:\Users\lilou\AppData\Local\Mik\tex/latex/etoolbox\etoolbox.sty
Package: etoolbox 2020/10/05 v2.5k e-TeX tools for LaTeX (JAW)
\etb@tempcnta=\count276
)
\@linkdim=\dimen152
\Hy@linkcounter=\count277
\Hy@pagecounter=\count278
 (C:\Users\lilou\AppData\Local\Mik\tex/latex/hyperref\pd1enc.def
File: pd1enc.def 2024-01-20 v7.01h Hyperref: PDFDocEncoding definition (HO)
Now handling font encoding PD1 ...
... no UTF-8 mapping file for font encoding PD1
) (C:\Users\lilou\AppData\Local\Mik\tex/generic/intcalc\intcalc.sty
Package: intcalc 2019/12/15 v1.3 Expandable calculations with integers (HO)
)
\Hy@SavedSpaceFactor=\count279
 (C:\Users\lilou\AppData\Local\Mik\tex/latex/hyperref\puenc.def
File: puenc.def 2024-01-20 v7.01h Hyperref: PDF Unicode definition (HO)
Now handling font encoding PU ...
... no UTF-8 mapping file for font encoding PU
)
Package hyperref Info: Hyper figures OFF on input line 4179.
Package hyperref Info: Link nesting OFF on input line 4184.
Package hyperref Info: Hyper index ON on input line 4187.
Package hyperref Info: Plain pages OFF on input line 4194.
Package hyperref Info: Backreferencing OFF on input line 4199.
Package hyperref Info: Implicit mode ON; LaTeX internals redefined.
Package hyperref Info: Bookmarks ON on input line 4446.
\c@Hy@tempcnt=\count280
 (C:\Users\lilou\AppData\Local\Mik\tex/latex/url\url.sty
\Urlmuskip=\muskip17
Package: url 2013/09/16  ver 3.4  Verb mode for urls, etc.
)
LaTeX Info: Redefining \url on input line 4784.
\XeTeXLinkMargin=\dimen153
 (C:\Users\lilou\AppData\Local\Mik\tex/generic/bitset\bitset.sty
Package: bitset 2019/12/09 v1.3 Handle bit-vector datatype (HO)
 (C:\Users\lilou\AppData\Local\Mik\tex/generic/bigintcalc\bigintcalc.sty
Package: bigintcalc 2019/12/15 v1.5 Expandable calculations on big integers (HO)
))
\Fld@menulength=\count281
\Field@Width=\dimen154
\Fld@charsize=\dimen155
Package hyperref Info: Hyper figures OFF on input line 6063.
Package hyperref Info: Link nesting OFF on input line 6068.
Package hyperref Info: Hyper index ON on input line 6071.
Package hyperref Info: backreferencing OFF on input line 6078.
Package hyperref Info: Link coloring OFF on input line 6083.
Package hyperref Info: Link coloring with OCG OFF on input line 6088.
Package hyperref Info: PDF/A mode OFF on input line 6093.
 (C:\Users\lilou\AppData\Local\Mik\tex/latex/base\atbegshi-ltx.sty
Package: atbegshi-ltx 2021/01/10 v1.0c Emulation of the original atbegshi
package with kernel methods
)
\Hy@abspage=\count282
\c@Item=\count283
\c@Hfootnote=\count284
)
Package hyperref Info: Driver (autodetected): hpdftex.
 (C:\Users\lilou\AppData\Local\Mik\tex/latex/hyperref\hpdftex.def
File: hpdftex.def 2024-01-20 v7.01h Hyperref driver for pdfTeX
 (C:\Users\lilou\AppData\Local\Mik\tex/latex/base\atveryend-ltx.sty
Package: atveryend-ltx 2020/08/19 v1.0a Emulation of the original atveryend package
with kernel methods
)
\Fld@listcount=\count285
\c@bookmark@seq@number=\count286
 (C:\Users\lilou\AppData\Local\Mik\tex/latex/rerunfilecheck\rerunfilecheck.sty
Package: rerunfilecheck 2022-07-10 v1.10 Rerun checks for auxiliary files (HO)
 (C:\Users\lilou\AppData\Local\Mik\tex/generic/uniquecounter\uniquecounter.sty
Package: uniquecounter 2019/12/15 v1.4 Provide unlimited unique counter (HO)
)
Package uniquecounter Info: New unique counter `rerunfilecheck' on input line 285.
)
\Hy@SectionHShift=\skip55
) (C:\Users\lilou\AppData\Local\Mik\tex/latex/lipsum\lipsum.sty (C:\Users\lilou\AppData\Local\Mik\tex/latex/l3packages/l3keys2e\l3keys2e.sty (C:\Users\lilou\AppData\Local\Mik\tex/latex/l3kernel\expl3.sty
Package: expl3 2024-01-22 L3 programming layer (loader) 
 (C:\Users\lilou\AppData\Local\Mik\tex/latex/l3backend\l3backend-pdftex.def
File: l3backend-pdftex.def 2024-01-04 L3 backend support: PDF output (pdfTeX)
\l__color_backend_stack_int=\count287
\l__pdf_internal_box=\box54
))
Package: l3keys2e 2023-10-10 LaTeX2e option processing using LaTeX3 keys
)
Package: lipsum 2021-09-20 v2.7 150 paragraphs of Lorem Ipsum dummy text
\g__lipsum_par_int=\count288
\l__lipsum_a_int=\count289
\l__lipsum_b_int=\count290
 (C:\Users\lilou\AppData\Local\Mik\tex/latex/lipsum\lipsum.ltd.tex)) (C:\Users\lilou\AppData\Local\Mik\tex/latex/titlesec\titlesec.sty
Package: titlesec 2023/10/27 v2.16 Sectioning titles
\ttl@box=\box55
\beforetitleunit=\skip56
\aftertitleunit=\skip57
\ttl@plus=\dimen156
\ttl@minus=\dimen157
\ttl@toksa=\toks24
\titlewidth=\dimen158
\titlewidthlast=\dimen159
\titlewidthfirst=\dimen160
) (C:\Users\lilou\AppData\Local\Mik\tex/latex/enumitem\enumitem.sty
Package: enumitem 2019/06/20 v3.9 Customized lists
\labelindent=\skip58
\enit@outerparindent=\dimen161
\enit@toks=\toks25
\enit@inbox=\box56
\enit@count@id=\count291
\enitdp@description=\count292
) (C:\Users\lilou\AppData\Local\Mik\tex/latex/adjustbox\adjustbox.sty
Package: adjustbox 2022/10/17 v1.3a Adjusting TeX boxes (trim, clip, ...)
 (C:\Users\lilou\AppData\Local\Mik\tex/latex/xkeyval\xkeyval.sty
Package: xkeyval 2022/06/16 v2.9 package option processing (HA)
 (C:\Users\lilou\AppData\Local\Mik\tex/generic/xkeyval\xkeyval.tex (C:\Users\lilou\AppData\Local\Mik\tex/generic/xkeyval\xkvutils.tex
\XKV@toks=\toks26
\XKV@tempa@toks=\toks27
)
\XKV@depth=\count293
File: xkeyval.tex 2014/12/03 v2.7a key=value parser (HA)
)) (C:\Users\lilou\AppData\Local\Mik\tex/latex/adjustbox\adjcalc.sty
Package: adjcalc 2012/05/16 v1.1 Provides advanced setlength with multiple back-ends (calc, etex, pgfmath)
) (C:\Users\lilou\AppData\Local\Mik\tex/latex/adjustbox\trimclip.sty
Package: trimclip 2020/08/19 v1.2 Trim and clip general TeX material
 (C:\Users\lilou\AppData\Local\Mik\tex/latex/collectbox\collectbox.sty
Package: collectbox 2022/10/17 v0.4c Collect macro arguments as boxes
\collectedbox=\box57
)
\tc@llx=\dimen162
\tc@lly=\dimen163
\tc@urx=\dimen164
\tc@ury=\dimen165
Package trimclip Info: Using driver 'tc-pdftex.def'.
 (C:\Users\lilou\AppData\Local\Mik\tex/latex/adjustbox\tc-pdftex.def
File: tc-pdftex.def 2019/01/04 v2.2 Clipping driver for pdftex
))
\adjbox@Width=\dimen166
\adjbox@Height=\dimen167
\adjbox@Depth=\dimen168
\adjbox@Totalheight=\dimen169
\adjbox@pwidth=\dimen170
\adjbox@pheight=\dimen171
\adjbox@pdepth=\dimen172
\adjbox@ptotalheight=\dimen173
 (C:\Users\lilou\AppData\Local\Mik\tex/latex/ifoddpage\ifoddpage.sty
Package: ifoddpage 2022/10/18 v1.2 Conditionals for odd/even page detection
\c@checkoddpage=\count294
) (C:\Users\lilou\AppData\Local\Mik\tex/latex/varwidth\varwidth.sty
Package: varwidth 2009/03/30 ver 0.92;  Variable-width minipages
\@vwid@box=\box58
\sift@deathcycles=\count295
\@vwid@loff=\dimen174
\@vwid@roff=\dimen175
)) (C:\Users\lilou\AppData\Local\Mik\tex/latex/listings\listings.sty
\lst@mode=\count296
\lst@gtempboxa=\box59
\lst@token=\toks28
\lst@length=\count297
\lst@currlwidth=\dimen176
\lst@column=\count298
\lst@pos=\count299
\lst@lostspace=\dimen177
\lst@width=\dimen178
\lst@newlines=\count300
\lst@lineno=\count301
\lst@maxwidth=\dimen179
 (C:\Users\lilou\AppData\Local\Mik\tex/latex/listings\lstmisc.sty
File: lstmisc.sty 2023/02/27 1.9 (Carsten Heinz)
\c@lstnumber=\count302
\lst@skipnumbers=\count303
\lst@framebox=\box60
) (C:\Users\lilou\AppData\Local\Mik\tex/latex/listings\listings.cfg
File: listings.cfg 2023/02/27 1.9 listings configuration
))
Package: listings 2023/02/27 1.9 (Carsten Heinz)
LaTeX Font Info:    Trying to load font information for OT1+ptm on input line 208.
 (C:\Users\lilou\AppData\Local\Mik\tex/latex/psnfss\ot1ptm.fd
File: ot1ptm.fd 2001/06/04 font definitions for OT1/ptm.
) (main.aux)
\openout1 = `main.aux'.

LaTeX Font Info:    Checking defaults for OML/cmm/m/it on input line 208.
LaTeX Font Info:    ... okay on input line 208.
LaTeX Font Info:    Checking defaults for OMS/cmsy/m/n on input line 208.
LaTeX Font Info:    ... okay on input line 208.
LaTeX Font Info:    Checking defaults for OT1/cmr/m/n on input line 208.
LaTeX Font Info:    ... okay on input line 208.
LaTeX Font Info:    Checking defaults for T1/cmr/m/n on input line 208.
LaTeX Font Info:    ... okay on input line 208.
LaTeX Font Info:    Checking defaults for TS1/cmr/m/n on input line 208.
LaTeX Font Info:    ... okay on input line 208.
LaTeX Font Info:    Checking defaults for OMX/cmex/m/n on input line 208.
LaTeX Font Info:    ... okay on input line 208.
LaTeX Font Info:    Checking defaults for U/cmr/m/n on input line 208.
LaTeX Font Info:    ... okay on input line 208.
LaTeX Font Info:    Checking defaults for PD1/pdf/m/n on input line 208.
LaTeX Font Info:    ... okay on input line 208.
LaTeX Font Info:    Checking defaults for PU/pdf/m/n on input line 208.
LaTeX Font Info:    ... okay on input line 208.
 (C:\Users\lilou\AppData\Local\Mik\tex/context/base/mkii\supp-pdf.mkii
[Loading MPS to PDF converter (version 2006.09.02).]
\scratchcounter=\count304
\scratchdimen=\dimen180
\scratchbox=\box61
\nofMPsegments=\count305
\nofMParguments=\count306
\everyMPshowfont=\toks29
\MPscratchCnt=\count307
\MPscratchDim=\dimen181
\MPnumerator=\count308
\makeMPintoPDFobject=\count309
\everyMPtoPDFconversion=\toks30
) (C:\Users\lilou\AppData\Local\Mik\tex/latex/epstopdf-pkg\epstopdf-base.sty
Package: epstopdf-base 2020-01-24 v2.11 Base part for package epstopdf
Package epstopdf-base Info: Redefining graphics rule for `.eps' on input line 485.
 (C:\Users\lilou\AppData\Local\Mik\tex/latex/00miktex\epstopdf-sys.cfg
File: epstopdf-sys.cfg 2021/03/18 v2.0 Configuration of epstopdf for MiKTeX
))
Package hyperref Info: Link coloring OFF on input line 208.
\@outlinefile=\write3
\openout3 = `main.out'.

\c@lstlisting=\count310
 [1

{C:/Users/lilou/AppData/Local/MiKTeX/fonts/map/pdftex/pdftex.map}{C:/Users/lilou/AppData/Local/Mik/fonts/enc/dvips/base/8r.enc}]
Overfull \hbox (2.41934pt too wide) in paragraph at lines 247--250
\OT1/ptm/b/n/12 Exploring Re-in-force-ment Learn-ing for Au-tonomous Con-trol: A Case Study with the Open-
 []

[2

]
Underfull \hbox (badness 10000) in paragraph at lines 264--266

 []


Overfull \hbox (24.58345pt too wide) in paragraph at lines 267--268
\OT1/ptm/m/n/12 RL-i ju-u-ru-tamine Open-Boti rak-enduses ja Pythoni skrip-tides pooleldi v[]orgup[]ohiseks t[]aiendus[]oppeks,
 []


Overfull \hbox (12.78804pt too wide) in paragraph at lines 274--279
\OT1/ptm/b/n/12 Key-words: \OT1/ptm/m/n/12 T[]aiendus[]ope (re-in-force-ment learn-ing), Open-Boti platvorm, V[]orgup[]ohine t[]aiendus[]ope,
 []


LaTeX Warning: Citation `bib:fiverr' on page 3 undefined on input line 280.

[3]
No file main.toc.
\tf@toc=\write4
\openout4 = `main.toc'.

[4

]
No file main.lof.
\tf@lof=\write5
\openout5 = `main.lof'.

[5

] [6

]
Chapter 1.

LaTeX Warning: Citation `bib:openbot' on page 7 undefined on input line 305.


LaTeX Warning: Reference `sub:Introduction' on page 7 undefined on input line 327.

[7

]

LaTeX Warning: Reference `sub:State_of_the_art' on page 8 undefined on input line 330.


LaTeX Warning: Reference `sub:Hardware_Components' on page 8 undefined on input line 330.


LaTeX Warning: Reference `sub:Mechanical_assembly' on page 8 undefined on input line 330.


LaTeX Warning: Reference `sub:Software_integration' on page 8 undefined on input line 330.


LaTeX Warning: Reference `sub:Rapid_intro_RL' on page 8 undefined on input line 330.


LaTeX Warning: Reference `sub:Beginning_RL' on page 8 undefined on input line 330.


LaTeX Warning: Reference `sub:SOTA_trends_RL' on page 8 undefined on input line 330.


LaTeX Warning: Reference `sub:Contribution_present_study' on page 8 undefined on input line 330.


LaTeX Warning: Reference `sub:Methodology' on page 8 undefined on input line 334.


LaTeX Warning: Reference `sub:Android_app' on page 8 undefined on input line 334.


LaTeX Warning: Reference `sub:Understanding_openbot' on page 8 undefined on input line 334.


LaTeX Warning: Reference `sub:Integration_of_OpenCV_Library' on page 8 undefined on input line 334.


LaTeX Warning: Reference `sub:Implementation_of_New_Features' on page 8 undefined on input line 334.


LaTeX Warning: Reference `sub:Testing_and_debugging' on page 8 undefined on input line 334.


LaTeX Warning: Reference `sub:lane' on page 8 undefined on input line 334.


LaTeX Warning: Reference `sub:Computational_constraints' on page 8 undefined on input line 334.


LaTeX Warning: Reference `sub:Choice_of_model' on page 8 undefined on input line 334.


LaTeX Warning: Reference `sub:circuit' on page 8 undefined on input line 334.


LaTeX Warning: Reference `sub:step' on page 8 undefined on input line 334.


LaTeX Warning: Reference `sub:security' on page 8 undefined on input line 334.


LaTeX Warning: Reference `sub:Designing_the_reward_function' on page 8 undefined on input line 334.


LaTeX Warning: Reference `sub:Modification_of_openbot' on page 8 undefined on input line 334.


LaTeX Warning: Reference `sub:python' on page 8 undefined on input line 334.


LaTeX Warning: Reference `sub:preprocessing' on page 8 undefined on input line 334.


LaTeX Warning: Reference `sub:reward' on page 8 undefined on input line 334.


LaTeX Warning: Reference `sub:mod_train' on page 8 undefined on input line 334.


LaTeX Warning: Reference `sub:server' on page 8 undefined on input line 334.


LaTeX Warning: Reference `sub:results_rl' on page 8 undefined on input line 337.


LaTeX Warning: Reference `sub:results_ml' on page 8 undefined on input line 337.


LaTeX Warning: Reference `sub:Results' on page 8 undefined on input line 337.


LaTeX Warning: Reference `sub:Analysis_and_discussion' on page 8 undefined on input line 340.


LaTeX Warning: Reference `sub:analysis_rl' on page 8 undefined on input line 340.


LaTeX Warning: Reference `sub:analysis_ml' on page 8 undefined on input line 340.


LaTeX Warning: Reference `sub:compare' on page 8 undefined on input line 340.


LaTeX Warning: Reference `sub:future' on page 8 undefined on input line 340.


LaTeX Warning: Reference `sub:Conclusion' on page 8 undefined on input line 343.

[8]
Chapter 2.

LaTeX Warning: Citation `bib:walk' on page 9 undefined on input line 362.


LaTeX Warning: Citation `bib:realcar' on page 9 undefined on input line 362.


LaTeX Warning: Citation `bib:openbot' on page 9 undefined on input line 369.

LaTeX Font Info:    Trying to load font information for TS1+ptm on input line 376.
(C:\Users\lilou\AppData\Local\Mik\tex/latex/psnfss\ts1ptm.fd
File: ts1ptm.fd 2001/06/04 font definitions for TS1/ptm.
)

LaTeX Warning: Citation `bib:phone' on page 9 undefined on input line 378.

[9

]

LaTeX Warning: Citation `bib:openbot' on page 10 undefined on input line 386.


LaTeX Warning: Citation `bib:git_openbot' on page 10 undefined on input line 386.


LaTeX Warning: Reference `fig:RTR_TT' on page 10 undefined on input line 394.

<RTR_TT.jpg, id=57, 1083.04625pt x 1171.37625pt>
File: RTR_TT.jpg Graphic file (type jpg)
<use RTR_TT.jpg>
Package pdftex.def Info: RTR_TT.jpg  used on input line 397.
(pdftex.def)             Requested size: 159.3382pt x 172.32071pt.

LaTeX Warning: Citation `bib:git_openbot' on page 10 undefined on input line 397.

<wiring_diagram.png, id=58, 1606.0pt x 894.34125pt>
File: wiring_diagram.png Graphic file (type png)
<use wiring_diagram.png>
Package pdftex.def Info: wiring_diagram.png  used on input line 399.
(pdftex.def)             Requested size: 318.66946pt x 177.45949pt.

LaTeX Warning: Citation `bib:openbot' on page 10 undefined on input line 399.


LaTeX Warning: Citation `bib:git_openbot' on page 10 undefined on input line 399.


LaTeX Warning: Citation `bib:openbot' on page 10 undefined on input line 399.


LaTeX Warning: Citation `bib:git_openbot' on page 10 undefined on input line 399.


LaTeX Warning: Reference `fig:wiring_diagram' on page 10 undefined on input line 401.

[10 <./RTR_TT.jpg> <./wiring_diagram.png>
!pdfTeX error: pdflatex: fflush() failed (Invalid argument)
 ==> Fatal error occurred, no output PDF file produced!
